<?xml version="1.0" encoding="UTF-8"?>
<!-- Generated by org.testng.reporters.JUnitXMLReporter -->
<testsuite ignored="1" hostname="ER2202145-BT210" failures="0" tests="4" name="Test" time="113.099" errors="0" timestamp="2025-02-17T12:27:29 IST">
  <testcase classname="LoginModuleTest.LoginpageTest" name="Verify_login_functionality" time="5.458"/>
  <testcase classname="AutomationAccelerationTest.InnovationDetailsTest" name="openInnovationForm" time="12.295"/>
  <testcase classname="AutomationAccelerationTest.InnovationDetailsTest" name="uploadFileinForm" time="13.785"/>
  <testcase classname="AutomationAccelerationTest.InnovationDetailsTest" name="fillForm" time="81.52"/>
  <testcase classname="base.TestBase" name="@BeforeSuite initialization" time="0.0">
    <ignored/>
  </testcase> <!-- @BeforeSuite initialization -->
</testsuite> <!-- Test -->
