<?xml version="1.0" encoding="UTF-8"?>
<testng-results ignored="0" total="1" passed="1" failed="0" skipped="0">
  <reporter-output>
  </reporter-output>
  <suite started-at="2025-02-11T15:47:10 IST" name="Default suite" finished-at="2025-02-11T15:47:16 IST" duration-ms="6187">
    <groups>
    </groups>
    <test started-at="2025-02-11T15:47:10 IST" name="Default test" finished-at="2025-02-11T15:47:16 IST" duration-ms="6187">
      <class name="LoginModuleTest.LoginpageTest">
        <test-method is-config="true" signature="setup()[pri:0, instance:LoginModuleTest.LoginpageTest@2df3b89c]" started-at="2025-02-11T15:47:10 IST" name="setup" finished-at="2025-02-11T15:47:15 IST" duration-ms="5461" status="PASS">
          <reporter-output>
          </reporter-output>
        </test-method> <!-- setup -->
        <test-method signature="Verify_login_functionality()[pri:1, instance:LoginModuleTest.LoginpageTest@2df3b89c]" started-at="2025-02-11T15:47:15 IST" name="Verify_login_functionality" finished-at="2025-02-11T15:47:16 IST" duration-ms="660" status="PASS">
          <reporter-output>
          </reporter-output>
        </test-method> <!-- Verify_login_functionality -->
      </class> <!-- LoginModuleTest.LoginpageTest -->
    </test> <!-- Default test -->
  </suite> <!-- Default suite -->
</testng-results>
