<?xml version="1.0" encoding="UTF-8"?>
<!-- Generated by org.testng.reporters.JUnitReportReporter -->
<testsuite hostname="P-A-R-T-H-P-A-T-E-L" failures="0" tests="8" name="MentorPanelTest.ThemesTest" time="69.230" errors="0" timestamp="2025-02-17T11:22:57 IST" skipped="0">
  <testcase classname="MentorPanelTest.ThemesTest" name="Verify_navigatetothemes_functionality" time="10.962"/>
  <testcase classname="MentorPanelTest.ThemesTest" name="Verify_buttons_mandatoryfields" time="3.905"/>
  <testcase classname="MentorPanelTest.ThemesTest" name="verify_addthemes_functionality" time="5.233"/>
  <testcase classname="MentorPanelTest.ThemesTest" name="verify_toggle_functionality" time="4.047"/>
  <testcase classname="MentorPanelTest.ThemesTest" name="verify_pagination_functionality" time="3.401"/>
  <testcase classname="MentorPanelTest.ThemesTest" name="verify_edit_functionality" time="3.112"/>
  <testcase classname="MentorPanelTest.ThemesTest" name="verify_search_functionality" time="5.851"/>
  <testcase classname="MentorPanelTest.ThemesTest" name="verify_view_functionality" time="32.719"/>
</testsuite> <!-- MentorPanelTest.ThemesTest -->
