<?xml version="1.0" encoding="UTF-8"?>
<!-- Generated by org.testng.reporters.JUnitReportReporter -->
<testsuite hostname="P-A-R-T-H-P-A-T-E-L" failures="0" tests="5" name="MentorPanelTest.Usecase_ManagementTest" time="18.904" errors="0" timestamp="2025-02-13T17:42:22 IST" skipped="0">
  <testcase classname="MentorPanelTest.Usecase_ManagementTest" name="Verify_login_functionality" time="10.620"/>
  <testcase classname="MentorPanelTest.Usecase_ManagementTest" name="Verify_buttons_mandatoryfields" time="1.292"/>
  <testcase classname="MentorPanelTest.Usecase_ManagementTest" name="verify_addusecase_functionality" time="2.317"/>
  <testcase classname="MentorPanelTest.Usecase_ManagementTest" name="verify_view_functionality" time="1.048"/>
  <testcase classname="MentorPanelTest.Usecase_ManagementTest" name="verify_toggle_functionality" time="3.627"/>
</testsuite> <!-- MentorPanelTest.Usecase_ManagementTest -->
