<?xml version="1.0" encoding="UTF-8"?>
<!-- Generated by org.testng.reporters.JUnitReportReporter -->
<testsuite hostname="P-A-R-T-H-P-A-T-E-L" failures="0" tests="8" name="MentorPanelTest.Usecase_ManagementTest" time="30.382" errors="0" timestamp="2025-02-14T12:23:20 IST" skipped="0">
  <testcase classname="MentorPanelTest.Usecase_ManagementTest" name="Verify_navigatetousecase_functionality" time="10.720"/>
  <testcase classname="MentorPanelTest.Usecase_ManagementTest" name="Verify_buttons_mandatoryfields" time="1.333"/>
  <testcase classname="MentorPanelTest.Usecase_ManagementTest" name="verify_addusecase_functionality" time="2.340"/>
  <testcase classname="MentorPanelTest.Usecase_ManagementTest" name="verify_view_functionality" time="1.057"/>
  <testcase classname="MentorPanelTest.Usecase_ManagementTest" name="verify_toggle_functionality" time="3.078"/>
  <testcase classname="MentorPanelTest.Usecase_ManagementTest" name="verify_pagination_functionality" time="3.452"/>
  <testcase classname="MentorPanelTest.Usecase_ManagementTest" name="verify_edit_functionality" time="3.158"/>
  <testcase classname="MentorPanelTest.Usecase_ManagementTest" name="verify_search_functionality" time="5.244"/>
</testsuite> <!-- MentorPanelTest.Usecase_ManagementTest -->
