<?xml version="1.0" encoding="UTF-8"?>
<!-- Generated by org.testng.reporters.JUnitReportReporter -->
<testsuite hostname="ER2202145-BT210" failures="0" tests="3" name="AutomationAccelerationTest.InnovationDetailsTest" time="107.600" errors="0" timestamp="2025-02-17T12:27:29 IST" skipped="0">
  <testcase classname="AutomationAccelerationTest.InnovationDetailsTest" name="openInnovationForm" time="12.295"/>
  <testcase classname="AutomationAccelerationTest.InnovationDetailsTest" name="uploadFileinForm" time="13.785"/>
  <testcase classname="AutomationAccelerationTest.InnovationDetailsTest" name="fillForm" time="81.520"/>
</testsuite> <!-- AutomationAccelerationTest.InnovationDetailsTest -->
